<?xml version="1.0" encoding="UTF-8"?>
<coverage generated="1583171026967" clover="3.2.0">
  <project timestamp="1583171026967" name="All files">
    <metrics statements="125" coveredstatements="121" conditionals="94" coveredconditionals="83" methods="24" coveredmethods="24" elements="243" coveredelements="228" complexity="0" loc="125" ncloc="125" packages="1" files="4" classes="4"/>
    <file name="JSONCleanerHelpers.js" path="/Users/jessicawolvington/Desktop/Blackboard/database-mysql/JSONUtilityHelpers/JSONCleanerHelpers.js">
      <metrics statements="9" coveredstatements="9" conditionals="0" coveredconditionals="0" methods="4" coveredmethods="4"/>
      <line num="8" count="8" type="stmt"/>
      <line num="17" count="13" type="stmt"/>
      <line num="26" count="8" type="stmt"/>
      <line num="35" count="3" type="stmt"/>
      <line num="36" count="9" type="stmt"/>
      <line num="37" count="9" type="stmt"/>
      <line num="38" count="9" type="stmt"/>
      <line num="39" count="9" type="stmt"/>
      <line num="42" count="3" type="stmt"/>
    </file>
    <file name="JSONCleanerUtility.js" path="/Users/jessicawolvington/Desktop/Blackboard/database-mysql/JSONUtilityHelpers/JSONCleanerUtility.js">
      <metrics statements="25" coveredstatements="24" conditionals="2" coveredconditionals="1" methods="5" coveredmethods="5"/>
      <line num="3" count="1" type="stmt"/>
      <line num="4" count="1" type="stmt"/>
      <line num="5" count="1" type="stmt"/>
      <line num="6" count="1" type="stmt"/>
      <line num="19" count="2" type="stmt"/>
      <line num="20" count="3" type="stmt"/>
      <line num="25" count="2" type="stmt"/>
      <line num="26" count="44522" type="stmt"/>
      <line num="31" count="2" type="stmt"/>
      <line num="32" count="2" type="stmt"/>
      <line num="33" count="22" type="stmt"/>
      <line num="34" count="22" type="stmt"/>
      <line num="35" count="22" type="stmt"/>
      <line num="36" count="22" type="stmt"/>
      <line num="37" count="22" type="stmt"/>
      <line num="38" count="22" type="stmt"/>
      <line num="39" count="22" type="stmt"/>
      <line num="43" count="2" type="stmt"/>
      <line num="54" count="1" type="stmt"/>
      <line num="55" count="1" type="stmt"/>
      <line num="56" count="1" type="stmt"/>
      <line num="57" count="1" type="cond" truecount="1" falsecount="1"/>
      <line num="58" count="0" type="stmt"/>
      <line num="60" count="1" type="stmt"/>
      <line num="66" count="1" type="stmt"/>
    </file>
    <file name="JSONObjectCleaners.js" path="/Users/jessicawolvington/Desktop/Blackboard/database-mysql/JSONUtilityHelpers/JSONObjectCleaners.js">
      <metrics statements="80" coveredstatements="77" conditionals="82" coveredconditionals="72" methods="14" coveredmethods="14"/>
      <line num="1" count="2" type="stmt"/>
      <line num="6" count="2" type="stmt"/>
      <line num="17" count="2" type="stmt"/>
      <line num="19" count="25" type="cond" truecount="4" falsecount="0"/>
      <line num="20" count="3" type="stmt"/>
      <line num="29" count="2" type="stmt"/>
      <line num="30" count="24" type="cond" truecount="2" falsecount="0"/>
      <line num="31" count="4" type="cond" truecount="1" falsecount="1"/>
      <line num="32" count="4" type="stmt"/>
      <line num="34" count="4" type="stmt"/>
      <line num="36" count="5" type="stmt"/>
      <line num="41" count="20" type="stmt"/>
      <line num="42" count="27" type="stmt"/>
      <line num="43" count="20" type="stmt"/>
      <line num="53" count="2" type="stmt"/>
      <line num="54" count="24" type="cond" truecount="2" falsecount="0"/>
      <line num="55" count="8" type="cond" truecount="2" falsecount="0"/>
      <line num="56" count="7" type="stmt"/>
      <line num="58" count="1" type="stmt"/>
      <line num="70" count="2" type="stmt"/>
      <line num="71" count="969" type="cond" truecount="4" falsecount="0"/>
      <line num="72" count="203" type="stmt"/>
      <line num="73" count="770" type="stmt"/>
      <line num="76" count="766" type="cond" truecount="4" falsecount="0"/>
      <line num="77" count="101" type="stmt"/>
      <line num="82" count="2" type="stmt"/>
      <line num="83" count="23" type="stmt"/>
      <line num="84" count="199" type="stmt"/>
      <line num="91" count="2" type="stmt"/>
      <line num="92" count="23" type="stmt"/>
      <line num="93" count="23" type="stmt"/>
      <line num="94" count="23" type="stmt"/>
      <line num="102" count="2" type="stmt"/>
      <line num="103" count="23" type="cond" truecount="2" falsecount="0"/>
      <line num="104" count="21" type="cond" truecount="2" falsecount="0"/>
      <line num="105" count="1" type="stmt"/>
      <line num="106" count="20" type="cond" truecount="2" falsecount="0"/>
      <line num="107" count="17" type="stmt"/>
      <line num="108" count="3" type="cond" truecount="2" falsecount="0"/>
      <line num="109" count="2" type="stmt"/>
      <line num="110" count="1" type="cond" truecount="1" falsecount="1"/>
      <line num="111" count="1" type="stmt"/>
      <line num="121" count="2" type="stmt"/>
      <line num="122" count="23" type="cond" truecount="1" falsecount="1"/>
      <line num="123" count="46" type="cond" truecount="3" falsecount="1"/>
      <line num="124" count="23" type="cond" truecount="2" falsecount="0"/>
      <line num="125" count="23" type="cond" truecount="2" falsecount="0"/>
      <line num="126" count="23" type="cond" truecount="2" falsecount="0"/>
      <line num="127" count="23" type="cond" truecount="1" falsecount="1"/>
      <line num="129" count="23" type="cond" truecount="4" falsecount="0"/>
      <line num="130" count="8" type="stmt"/>
      <line num="131" count="8" type="stmt"/>
      <line num="132" count="15" type="cond" truecount="4" falsecount="0"/>
      <line num="133" count="3" type="stmt"/>
      <line num="134" count="3" type="stmt"/>
      <line num="135" count="12" type="cond" truecount="2" falsecount="2"/>
      <line num="136" count="0" type="stmt"/>
      <line num="139" count="0" type="stmt"/>
      <line num="148" count="2" type="stmt"/>
      <line num="149" count="23" type="cond" truecount="1" falsecount="1"/>
      <line num="150" count="46" type="cond" truecount="3" falsecount="1"/>
      <line num="151" count="23" type="cond" truecount="4" falsecount="0"/>
      <line num="152" count="4" type="stmt"/>
      <line num="153" count="4" type="stmt"/>
      <line num="154" count="19" type="cond" truecount="4" falsecount="0"/>
      <line num="155" count="3" type="stmt"/>
      <line num="156" count="3" type="stmt"/>
      <line num="157" count="3" type="stmt"/>
      <line num="158" count="16" type="cond" truecount="4" falsecount="0"/>
      <line num="159" count="1" type="stmt"/>
      <line num="162" count="0" type="stmt"/>
      <line num="166" count="2" type="stmt"/>
      <line num="167" count="25" type="cond" truecount="2" falsecount="0"/>
      <line num="168" count="24" type="cond" truecount="2" falsecount="0"/>
      <line num="169" count="11" type="stmt"/>
      <line num="170" count="13" type="cond" truecount="2" falsecount="0"/>
      <line num="171" count="11" type="stmt"/>
      <line num="172" count="2" type="cond" truecount="1" falsecount="1"/>
      <line num="173" count="2" type="stmt"/>
      <line num="178" count="2" type="stmt"/>
    </file>
    <file name="JSONStringCleaners.js" path="/Users/jessicawolvington/Desktop/Blackboard/database-mysql/JSONUtilityHelpers/JSONStringCleaners.js">
      <metrics statements="11" coveredstatements="11" conditionals="10" coveredconditionals="10" methods="1" coveredmethods="1"/>
      <line num="10" count="44630" type="cond" truecount="4" falsecount="0"/>
      <line num="12" count="225" type="stmt"/>
      <line num="13" count="225" type="stmt"/>
      <line num="14" count="2342" type="stmt"/>
      <line num="16" count="2342" type="cond" truecount="2" falsecount="0"/>
      <line num="17" count="6" type="stmt"/>
      <line num="18" count="6" type="stmt"/>
      <line num="20" count="2336" type="cond" truecount="4" falsecount="0"/>
      <line num="21" count="2117" type="stmt"/>
      <line num="24" count="219" type="stmt"/>
      <line num="30" count="2" type="stmt"/>
    </file>
  </project>
</coverage>
