{"/Users/jessicawolvington/Desktop/Blackboard/database-mysql/JSONUtilityHelpers/JSONCleanerHelpers.js": {"path":"/Users/jessicawolvington/Desktop/Blackboard/database-mysql/JSONUtilityHelpers/JSONCleanerHelpers.js","statementMap":{"0":{"start":{"line":8,"column":15},"end":{"line":8,"column":51}},"1":{"start":{"line":8,"column":23},"end":{"line":8,"column":51}},"2":{"start":{"line":17,"column":15},"end":{"line":17,"column":51}},"3":{"start":{"line":17,"column":23},"end":{"line":17,"column":51}},"4":{"start":{"line":26,"column":26},"end":{"line":26,"column":68}},"5":{"start":{"line":26,"column":36},"end":{"line":26,"column":68}},"6":{"start":{"line":35,"column":17},"end":{"line":40,"column":1}},"7":{"start":{"line":36,"column":22},"end":{"line":36,"column":32}},"8":{"start":{"line":37,"column":24},"end":{"line":37,"column":39}},"9":{"start":{"line":38,"column":20},"end":{"line":38,"column":47}},"10":{"start":{"line":39,"column":2},"end":{"line":39,"column":68}},"11":{"start":{"line":42,"column":0},"end":{"line":47,"column":2}}},"fnMap":{"0":{"name":"(anonymous_0)","decl":{"start":{"line":8,"column":15},"end":{"line":8,"column":16}},"loc":{"start":{"line":8,"column":23},"end":{"line":8,"column":51}},"line":8},"1":{"name":"(anonymous_1)","decl":{"start":{"line":17,"column":15},"end":{"line":17,"column":16}},"loc":{"start":{"line":17,"column":23},"end":{"line":17,"column":51}},"line":17},"2":{"name":"(anonymous_2)","decl":{"start":{"line":26,"column":26},"end":{"line":26,"column":27}},"loc":{"start":{"line":26,"column":36},"end":{"line":26,"column":68}},"line":26},"3":{"name":"(anonymous_3)","decl":{"start":{"line":35,"column":17},"end":{"line":35,"column":18}},"loc":{"start":{"line":35,"column":25},"end":{"line":40,"column":1}},"line":35}},"branchMap":{},"s":{"0":3,"1":8,"2":3,"3":13,"4":3,"5":8,"6":3,"7":9,"8":9,"9":9,"10":9,"11":3},"f":{"0":8,"1":13,"2":8,"3":9},"b":{},"_coverageSchema":"1a1c01bbd47fc00a2c39e90264f33305004495a9","hash":"b04399ad93601e2106d6aec105449822c758971f"}
,"/Users/jessicawolvington/Desktop/Blackboard/database-mysql/JSONUtilityHelpers/JSONCleanerUtility.js": {"path":"/Users/jessicawolvington/Desktop/Blackboard/database-mysql/JSONUtilityHelpers/JSONCleanerUtility.js","statementMap":{"0":{"start":{"line":3,"column":11},"end":{"line":3,"column":24}},"1":{"start":{"line":4,"column":13},"end":{"line":4,"column":28}},"2":{"start":{"line":5,"column":23},"end":{"line":5,"column":57}},"3":{"start":{"line":6,"column":21},"end":{"line":6,"column":55}},"4":{"start":{"line":19,"column":35},"end":{"line":21,"column":3}},"5":{"start":{"line":20,"column":4},"end":{"line":20,"column":42}},"6":{"start":{"line":25,"column":2},"end":{"line":27,"column":3}},"7":{"start":{"line":25,"column":15},"end":{"line":25,"column":16}},"8":{"start":{"line":26,"column":4},"end":{"line":26,"column":86}},"9":{"start":{"line":31,"column":28},"end":{"line":31,"column":57}},"10":{"start":{"line":32,"column":2},"end":{"line":40,"column":3}},"11":{"start":{"line":33,"column":4},"end":{"line":33,"column":52}},"12":{"start":{"line":34,"column":4},"end":{"line":34,"column":48}},"13":{"start":{"line":35,"column":4},"end":{"line":35,"column":43}},"14":{"start":{"line":36,"column":4},"end":{"line":36,"column":45}},"15":{"start":{"line":37,"column":4},"end":{"line":37,"column":45}},"16":{"start":{"line":38,"column":4},"end":{"line":38,"column":51}},"17":{"start":{"line":39,"column":4},"end":{"line":39,"column":50}},"18":{"start":{"line":43,"column":4},"end":{"line":43,"column":29}},"19":{"start":{"line":54,"column":21},"end":{"line":54,"column":43}},"20":{"start":{"line":55,"column":4},"end":{"line":63,"column":6}},"21":{"start":{"line":56,"column":8},"end":{"line":62,"column":11}},"22":{"start":{"line":57,"column":12},"end":{"line":61,"column":13}},"23":{"start":{"line":58,"column":16},"end":{"line":58,"column":27}},"24":{"start":{"line":60,"column":16},"end":{"line":60,"column":58}},"25":{"start":{"line":66,"column":0},"end":{"line":66,"column":64}}},"fnMap":{"0":{"name":"cleanCorruptJSON","decl":{"start":{"line":16,"column":9},"end":{"line":16,"column":25}},"loc":{"start":{"line":16,"column":45},"end":{"line":44,"column":1}},"line":16},"1":{"name":"(anonymous_1)","decl":{"start":{"line":19,"column":35},"end":{"line":19,"column":36}},"loc":{"start":{"line":19,"column":58},"end":{"line":21,"column":3}},"line":19},"2":{"name":"readAndCleanCorruptedJSON","decl":{"start":{"line":52,"column":9},"end":{"line":52,"column":34}},"loc":{"start":{"line":52,"column":45},"end":{"line":64,"column":1}},"line":52},"3":{"name":"(anonymous_3)","decl":{"start":{"line":55,"column":23},"end":{"line":55,"column":24}},"loc":{"start":{"line":55,"column":44},"end":{"line":63,"column":5}},"line":55},"4":{"name":"(anonymous_4)","decl":{"start":{"line":56,"column":30},"end":{"line":56,"column":31}},"loc":{"start":{"line":56,"column":45},"end":{"line":62,"column":9}},"line":56}},"branchMap":{"0":{"loc":{"start":{"line":57,"column":12},"end":{"line":61,"column":13}},"type":"if","locations":[{"start":{"line":57,"column":12},"end":{"line":61,"column":13}},{"start":{"line":57,"column":12},"end":{"line":61,"column":13}}],"line":57}},"s":{"0":1,"1":1,"2":1,"3":1,"4":2,"5":3,"6":2,"7":2,"8":44522,"9":2,"10":2,"11":22,"12":22,"13":22,"14":22,"15":22,"16":22,"17":22,"18":2,"19":1,"20":1,"21":1,"22":1,"23":0,"24":1,"25":1},"f":{"0":2,"1":3,"2":1,"3":1,"4":1},"b":{"0":[0,1]},"_coverageSchema":"1a1c01bbd47fc00a2c39e90264f33305004495a9","hash":"23620d02a1c65cbc9c56e7d883b30f8742547f00"}
,"/Users/jessicawolvington/Desktop/Blackboard/database-mysql/JSONUtilityHelpers/JSONObjectCleaners.js": {"path":"/Users/jessicawolvington/Desktop/Blackboard/database-mysql/JSONUtilityHelpers/JSONObjectCleaners.js","statementMap":{"0":{"start":{"line":1,"column":56},"end":{"line":1,"column":90}},"1":{"start":{"line":6,"column":16},"end":{"line":6,"column":25}},"2":{"start":{"line":17,"column":9},"end":{"line":17,"column":13}},"3":{"start":{"line":19,"column":4},"end":{"line":21,"column":5}},"4":{"start":{"line":20,"column":8},"end":{"line":20,"column":22}},"5":{"start":{"line":29,"column":18},"end":{"line":45,"column":1}},"6":{"start":{"line":30,"column":4},"end":{"line":44,"column":5}},"7":{"start":{"line":31,"column":8},"end":{"line":39,"column":9}},"8":{"start":{"line":32,"column":31},"end":{"line":32,"column":51}},"9":{"start":{"line":34,"column":12},"end":{"line":38,"column":38}},"10":{"start":{"line":36,"column":40},"end":{"line":37,"column":57}},"11":{"start":{"line":41,"column":26},"end":{"line":41,"column":46}},"12":{"start":{"line":42,"column":37},"end":{"line":42,"column":118}},"13":{"start":{"line":42,"column":60},"end":{"line":42,"column":117}},"14":{"start":{"line":43,"column":8},"end":{"line":43,"column":50}},"15":{"start":{"line":53,"column":18},"end":{"line":61,"column":1}},"16":{"start":{"line":54,"column":4},"end":{"line":60,"column":5}},"17":{"start":{"line":55,"column":8},"end":{"line":59,"column":9}},"18":{"start":{"line":56,"column":12},"end":{"line":56,"column":110}},"19":{"start":{"line":58,"column":12},"end":{"line":58,"column":91}},"20":{"start":{"line":70,"column":31},"end":{"line":80,"column":1}},"21":{"start":{"line":71,"column":4},"end":{"line":79,"column":5}},"22":{"start":{"line":72,"column":8},"end":{"line":74,"column":9}},"23":{"start":{"line":73,"column":12},"end":{"line":73,"column":57}},"24":{"start":{"line":76,"column":8},"end":{"line":78,"column":9}},"25":{"start":{"line":77,"column":12},"end":{"line":77,"column":38}},"26":{"start":{"line":82,"column":21},"end":{"line":86,"column":1}},"27":{"start":{"line":83,"column":4},"end":{"line":85,"column":5}},"28":{"start":{"line":84,"column":8},"end":{"line":84,"column":47}},"29":{"start":{"line":91,"column":24},"end":{"line":95,"column":1}},"30":{"start":{"line":92,"column":4},"end":{"line":92,"column":21}},"31":{"start":{"line":93,"column":4},"end":{"line":93,"column":21}},"32":{"start":{"line":94,"column":4},"end":{"line":94,"column":21}},"33":{"start":{"line":102,"column":20},"end":{"line":114,"column":1}},"34":{"start":{"line":103,"column":4},"end":{"line":113,"column":5}},"35":{"start":{"line":104,"column":8},"end":{"line":112,"column":9}},"36":{"start":{"line":105,"column":12},"end":{"line":105,"column":43}},"37":{"start":{"line":106,"column":15},"end":{"line":112,"column":9}},"38":{"start":{"line":107,"column":12},"end":{"line":107,"column":43}},"39":{"start":{"line":108,"column":15},"end":{"line":112,"column":9}},"40":{"start":{"line":109,"column":12},"end":{"line":109,"column":45}},"41":{"start":{"line":110,"column":15},"end":{"line":112,"column":9}},"42":{"start":{"line":111,"column":12},"end":{"line":111,"column":45}},"43":{"start":{"line":121,"column":20},"end":{"line":141,"column":1}},"44":{"start":{"line":122,"column":4},"end":{"line":140,"column":5}},"45":{"start":{"line":123,"column":8},"end":{"line":123,"column":98}},"46":{"start":{"line":123,"column":63},"end":{"line":123,"column":97}},"47":{"start":{"line":124,"column":8},"end":{"line":124,"column":92}},"48":{"start":{"line":124,"column":60},"end":{"line":124,"column":91}},"49":{"start":{"line":125,"column":8},"end":{"line":125,"column":90}},"50":{"start":{"line":125,"column":58},"end":{"line":125,"column":89}},"51":{"start":{"line":126,"column":8},"end":{"line":126,"column":92}},"52":{"start":{"line":126,"column":60},"end":{"line":126,"column":91}},"53":{"start":{"line":127,"column":8},"end":{"line":127,"column":90}},"54":{"start":{"line":127,"column":58},"end":{"line":127,"column":89}},"55":{"start":{"line":129,"column":8},"end":{"line":137,"column":9}},"56":{"start":{"line":130,"column":29},"end":{"line":130,"column":74}},"57":{"start":{"line":131,"column":12},"end":{"line":131,"column":58}},"58":{"start":{"line":132,"column":15},"end":{"line":137,"column":9}},"59":{"start":{"line":133,"column":29},"end":{"line":133,"column":74}},"60":{"start":{"line":134,"column":12},"end":{"line":134,"column":58}},"61":{"start":{"line":135,"column":15},"end":{"line":137,"column":9}},"62":{"start":{"line":136,"column":12},"end":{"line":136,"column":55}},"63":{"start":{"line":139,"column":8},"end":{"line":139,"column":51}},"64":{"start":{"line":148,"column":20},"end":{"line":164,"column":1}},"65":{"start":{"line":149,"column":4},"end":{"line":163,"column":5}},"66":{"start":{"line":150,"column":8},"end":{"line":150,"column":98}},"67":{"start":{"line":150,"column":63},"end":{"line":150,"column":97}},"68":{"start":{"line":151,"column":8},"end":{"line":160,"column":9}},"69":{"start":{"line":152,"column":29},"end":{"line":152,"column":74}},"70":{"start":{"line":153,"column":12},"end":{"line":153,"column":60}},"71":{"start":{"line":154,"column":15},"end":{"line":160,"column":9}},"72":{"start":{"line":155,"column":37},"end":{"line":155,"column":70}},"73":{"start":{"line":156,"column":31},"end":{"line":156,"column":103}},"74":{"start":{"line":157,"column":12},"end":{"line":157,"column":71}},"75":{"start":{"line":158,"column":15},"end":{"line":160,"column":9}},"76":{"start":{"line":159,"column":12},"end":{"line":159,"column":55}},"77":{"start":{"line":162,"column":8},"end":{"line":162,"column":51}},"78":{"start":{"line":166,"column":23},"end":{"line":176,"column":1}},"79":{"start":{"line":167,"column":4},"end":{"line":175,"column":5}},"80":{"start":{"line":168,"column":8},"end":{"line":174,"column":9}},"81":{"start":{"line":169,"column":12},"end":{"line":169,"column":45}},"82":{"start":{"line":170,"column":15},"end":{"line":174,"column":9}},"83":{"start":{"line":171,"column":12},"end":{"line":171,"column":44}},"84":{"start":{"line":172,"column":15},"end":{"line":174,"column":9}},"85":{"start":{"line":173,"column":12},"end":{"line":173,"column":48}},"86":{"start":{"line":178,"column":0},"end":{"line":185,"column":1}}},"fnMap":{"0":{"name":"cleanId","decl":{"start":{"line":18,"column":9},"end":{"line":18,"column":16}},"loc":{"start":{"line":18,"column":23},"end":{"line":22,"column":1}},"line":18},"1":{"name":"(anonymous_1)","decl":{"start":{"line":29,"column":18},"end":{"line":29,"column":19}},"loc":{"start":{"line":29,"column":28},"end":{"line":45,"column":1}},"line":29},"2":{"name":"(anonymous_2)","decl":{"start":{"line":36,"column":33},"end":{"line":36,"column":34}},"loc":{"start":{"line":36,"column":40},"end":{"line":37,"column":57}},"line":36},"3":{"name":"(anonymous_3)","decl":{"start":{"line":42,"column":51},"end":{"line":42,"column":52}},"loc":{"start":{"line":42,"column":60},"end":{"line":42,"column":117}},"line":42},"4":{"name":"(anonymous_4)","decl":{"start":{"line":53,"column":18},"end":{"line":53,"column":19}},"loc":{"start":{"line":53,"column":28},"end":{"line":61,"column":1}},"line":53},"5":{"name":"(anonymous_5)","decl":{"start":{"line":70,"column":31},"end":{"line":70,"column":32}},"loc":{"start":{"line":70,"column":53},"end":{"line":80,"column":1}},"line":70},"6":{"name":"(anonymous_6)","decl":{"start":{"line":82,"column":21},"end":{"line":82,"column":22}},"loc":{"start":{"line":82,"column":31},"end":{"line":86,"column":1}},"line":82},"7":{"name":"(anonymous_7)","decl":{"start":{"line":91,"column":24},"end":{"line":91,"column":25}},"loc":{"start":{"line":91,"column":34},"end":{"line":95,"column":1}},"line":91},"8":{"name":"(anonymous_8)","decl":{"start":{"line":102,"column":20},"end":{"line":102,"column":21}},"loc":{"start":{"line":102,"column":30},"end":{"line":114,"column":1}},"line":102},"9":{"name":"(anonymous_9)","decl":{"start":{"line":121,"column":20},"end":{"line":121,"column":21}},"loc":{"start":{"line":121,"column":30},"end":{"line":141,"column":1}},"line":121},"10":{"name":"(anonymous_10)","decl":{"start":{"line":123,"column":56},"end":{"line":123,"column":57}},"loc":{"start":{"line":123,"column":63},"end":{"line":123,"column":97}},"line":123},"11":{"name":"(anonymous_11)","decl":{"start":{"line":148,"column":20},"end":{"line":148,"column":21}},"loc":{"start":{"line":148,"column":30},"end":{"line":164,"column":1}},"line":148},"12":{"name":"(anonymous_12)","decl":{"start":{"line":150,"column":56},"end":{"line":150,"column":57}},"loc":{"start":{"line":150,"column":63},"end":{"line":150,"column":97}},"line":150},"13":{"name":"(anonymous_13)","decl":{"start":{"line":166,"column":23},"end":{"line":166,"column":24}},"loc":{"start":{"line":166,"column":33},"end":{"line":176,"column":1}},"line":166}},"branchMap":{"0":{"loc":{"start":{"line":19,"column":4},"end":{"line":21,"column":5}},"type":"if","locations":[{"start":{"line":19,"column":4},"end":{"line":21,"column":5}},{"start":{"line":19,"column":4},"end":{"line":21,"column":5}}],"line":19},"1":{"loc":{"start":{"line":19,"column":8},"end":{"line":19,"column":34}},"type":"binary-expr","locations":[{"start":{"line":19,"column":8},"end":{"line":19,"column":16}},{"start":{"line":19,"column":20},"end":{"line":19,"column":34}}],"line":19},"2":{"loc":{"start":{"line":30,"column":4},"end":{"line":44,"column":5}},"type":"if","locations":[{"start":{"line":30,"column":4},"end":{"line":44,"column":5}},{"start":{"line":30,"column":4},"end":{"line":44,"column":5}}],"line":30},"3":{"loc":{"start":{"line":31,"column":8},"end":{"line":39,"column":9}},"type":"if","locations":[{"start":{"line":31,"column":8},"end":{"line":39,"column":9}},{"start":{"line":31,"column":8},"end":{"line":39,"column":9}}],"line":31},"4":{"loc":{"start":{"line":54,"column":4},"end":{"line":60,"column":5}},"type":"if","locations":[{"start":{"line":54,"column":4},"end":{"line":60,"column":5}},{"start":{"line":54,"column":4},"end":{"line":60,"column":5}}],"line":54},"5":{"loc":{"start":{"line":55,"column":8},"end":{"line":59,"column":9}},"type":"if","locations":[{"start":{"line":55,"column":8},"end":{"line":59,"column":9}},{"start":{"line":55,"column":8},"end":{"line":59,"column":9}}],"line":55},"6":{"loc":{"start":{"line":71,"column":4},"end":{"line":79,"column":5}},"type":"if","locations":[{"start":{"line":71,"column":4},"end":{"line":79,"column":5}},{"start":{"line":71,"column":4},"end":{"line":79,"column":5}}],"line":71},"7":{"loc":{"start":{"line":71,"column":8},"end":{"line":71,"column":73}},"type":"binary-expr","locations":[{"start":{"line":71,"column":8},"end":{"line":71,"column":44}},{"start":{"line":71,"column":48},"end":{"line":71,"column":73}}],"line":71},"8":{"loc":{"start":{"line":76,"column":8},"end":{"line":78,"column":9}},"type":"if","locations":[{"start":{"line":76,"column":8},"end":{"line":78,"column":9}},{"start":{"line":76,"column":8},"end":{"line":78,"column":9}}],"line":76},"9":{"loc":{"start":{"line":76,"column":12},"end":{"line":76,"column":56}},"type":"binary-expr","locations":[{"start":{"line":76,"column":12},"end":{"line":76,"column":29}},{"start":{"line":76,"column":33},"end":{"line":76,"column":56}}],"line":76},"10":{"loc":{"start":{"line":103,"column":4},"end":{"line":113,"column":5}},"type":"if","locations":[{"start":{"line":103,"column":4},"end":{"line":113,"column":5}},{"start":{"line":103,"column":4},"end":{"line":113,"column":5}}],"line":103},"11":{"loc":{"start":{"line":104,"column":8},"end":{"line":112,"column":9}},"type":"if","locations":[{"start":{"line":104,"column":8},"end":{"line":112,"column":9}},{"start":{"line":104,"column":8},"end":{"line":112,"column":9}}],"line":104},"12":{"loc":{"start":{"line":106,"column":15},"end":{"line":112,"column":9}},"type":"if","locations":[{"start":{"line":106,"column":15},"end":{"line":112,"column":9}},{"start":{"line":106,"column":15},"end":{"line":112,"column":9}}],"line":106},"13":{"loc":{"start":{"line":108,"column":15},"end":{"line":112,"column":9}},"type":"if","locations":[{"start":{"line":108,"column":15},"end":{"line":112,"column":9}},{"start":{"line":108,"column":15},"end":{"line":112,"column":9}}],"line":108},"14":{"loc":{"start":{"line":110,"column":15},"end":{"line":112,"column":9}},"type":"if","locations":[{"start":{"line":110,"column":15},"end":{"line":112,"column":9}},{"start":{"line":110,"column":15},"end":{"line":112,"column":9}}],"line":110},"15":{"loc":{"start":{"line":122,"column":4},"end":{"line":140,"column":5}},"type":"if","locations":[{"start":{"line":122,"column":4},"end":{"line":140,"column":5}},{"start":{"line":122,"column":4},"end":{"line":140,"column":5}}],"line":122},"16":{"loc":{"start":{"line":123,"column":63},"end":{"line":123,"column":97}},"type":"cond-expr","locations":[{"start":{"line":123,"column":84},"end":{"line":123,"column":87}},{"start":{"line":123,"column":90},"end":{"line":123,"column":97}}],"line":123},"17":{"loc":{"start":{"line":123,"column":63},"end":{"line":123,"column":81}},"type":"binary-expr","locations":[{"start":{"line":123,"column":63},"end":{"line":123,"column":66}},{"start":{"line":123,"column":70},"end":{"line":123,"column":81}}],"line":123},"18":{"loc":{"start":{"line":124,"column":8},"end":{"line":124,"column":92}},"type":"if","locations":[{"start":{"line":124,"column":8},"end":{"line":124,"column":92}},{"start":{"line":124,"column":8},"end":{"line":124,"column":92}}],"line":124},"19":{"loc":{"start":{"line":125,"column":8},"end":{"line":125,"column":90}},"type":"if","locations":[{"start":{"line":125,"column":8},"end":{"line":125,"column":90}},{"start":{"line":125,"column":8},"end":{"line":125,"column":90}}],"line":125},"20":{"loc":{"start":{"line":126,"column":8},"end":{"line":126,"column":92}},"type":"if","locations":[{"start":{"line":126,"column":8},"end":{"line":126,"column":92}},{"start":{"line":126,"column":8},"end":{"line":126,"column":92}}],"line":126},"21":{"loc":{"start":{"line":127,"column":8},"end":{"line":127,"column":90}},"type":"if","locations":[{"start":{"line":127,"column":8},"end":{"line":127,"column":90}},{"start":{"line":127,"column":8},"end":{"line":127,"column":90}}],"line":127},"22":{"loc":{"start":{"line":129,"column":8},"end":{"line":137,"column":9}},"type":"if","locations":[{"start":{"line":129,"column":8},"end":{"line":137,"column":9}},{"start":{"line":129,"column":8},"end":{"line":137,"column":9}}],"line":129},"23":{"loc":{"start":{"line":129,"column":12},"end":{"line":129,"column":82}},"type":"binary-expr","locations":[{"start":{"line":129,"column":12},"end":{"line":129,"column":45}},{"start":{"line":129,"column":49},"end":{"line":129,"column":82}}],"line":129},"24":{"loc":{"start":{"line":132,"column":15},"end":{"line":137,"column":9}},"type":"if","locations":[{"start":{"line":132,"column":15},"end":{"line":137,"column":9}},{"start":{"line":132,"column":15},"end":{"line":137,"column":9}}],"line":132},"25":{"loc":{"start":{"line":132,"column":19},"end":{"line":132,"column":89}},"type":"binary-expr","locations":[{"start":{"line":132,"column":19},"end":{"line":132,"column":52}},{"start":{"line":132,"column":56},"end":{"line":132,"column":89}}],"line":132},"26":{"loc":{"start":{"line":135,"column":15},"end":{"line":137,"column":9}},"type":"if","locations":[{"start":{"line":135,"column":15},"end":{"line":137,"column":9}},{"start":{"line":135,"column":15},"end":{"line":137,"column":9}}],"line":135},"27":{"loc":{"start":{"line":135,"column":19},"end":{"line":135,"column":89}},"type":"binary-expr","locations":[{"start":{"line":135,"column":19},"end":{"line":135,"column":52}},{"start":{"line":135,"column":56},"end":{"line":135,"column":89}}],"line":135},"28":{"loc":{"start":{"line":149,"column":4},"end":{"line":163,"column":5}},"type":"if","locations":[{"start":{"line":149,"column":4},"end":{"line":163,"column":5}},{"start":{"line":149,"column":4},"end":{"line":163,"column":5}}],"line":149},"29":{"loc":{"start":{"line":150,"column":63},"end":{"line":150,"column":97}},"type":"cond-expr","locations":[{"start":{"line":150,"column":84},"end":{"line":150,"column":87}},{"start":{"line":150,"column":90},"end":{"line":150,"column":97}}],"line":150},"30":{"loc":{"start":{"line":150,"column":63},"end":{"line":150,"column":81}},"type":"binary-expr","locations":[{"start":{"line":150,"column":63},"end":{"line":150,"column":66}},{"start":{"line":150,"column":70},"end":{"line":150,"column":81}}],"line":150},"31":{"loc":{"start":{"line":151,"column":8},"end":{"line":160,"column":9}},"type":"if","locations":[{"start":{"line":151,"column":8},"end":{"line":160,"column":9}},{"start":{"line":151,"column":8},"end":{"line":160,"column":9}}],"line":151},"32":{"loc":{"start":{"line":151,"column":12},"end":{"line":151,"column":82}},"type":"binary-expr","locations":[{"start":{"line":151,"column":12},"end":{"line":151,"column":45}},{"start":{"line":151,"column":49},"end":{"line":151,"column":82}}],"line":151},"33":{"loc":{"start":{"line":154,"column":15},"end":{"line":160,"column":9}},"type":"if","locations":[{"start":{"line":154,"column":15},"end":{"line":160,"column":9}},{"start":{"line":154,"column":15},"end":{"line":160,"column":9}}],"line":154},"34":{"loc":{"start":{"line":154,"column":19},"end":{"line":154,"column":89}},"type":"binary-expr","locations":[{"start":{"line":154,"column":19},"end":{"line":154,"column":52}},{"start":{"line":154,"column":56},"end":{"line":154,"column":89}}],"line":154},"35":{"loc":{"start":{"line":158,"column":15},"end":{"line":160,"column":9}},"type":"if","locations":[{"start":{"line":158,"column":15},"end":{"line":160,"column":9}},{"start":{"line":158,"column":15},"end":{"line":160,"column":9}}],"line":158},"36":{"loc":{"start":{"line":158,"column":19},"end":{"line":158,"column":89}},"type":"binary-expr","locations":[{"start":{"line":158,"column":19},"end":{"line":158,"column":52}},{"start":{"line":158,"column":56},"end":{"line":158,"column":89}}],"line":158},"37":{"loc":{"start":{"line":167,"column":4},"end":{"line":175,"column":5}},"type":"if","locations":[{"start":{"line":167,"column":4},"end":{"line":175,"column":5}},{"start":{"line":167,"column":4},"end":{"line":175,"column":5}}],"line":167},"38":{"loc":{"start":{"line":168,"column":8},"end":{"line":174,"column":9}},"type":"if","locations":[{"start":{"line":168,"column":8},"end":{"line":174,"column":9}},{"start":{"line":168,"column":8},"end":{"line":174,"column":9}}],"line":168},"39":{"loc":{"start":{"line":170,"column":15},"end":{"line":174,"column":9}},"type":"if","locations":[{"start":{"line":170,"column":15},"end":{"line":174,"column":9}},{"start":{"line":170,"column":15},"end":{"line":174,"column":9}}],"line":170},"40":{"loc":{"start":{"line":172,"column":15},"end":{"line":174,"column":9}},"type":"if","locations":[{"start":{"line":172,"column":15},"end":{"line":174,"column":9}},{"start":{"line":172,"column":15},"end":{"line":174,"column":9}}],"line":172}},"s":{"0":2,"1":2,"2":2,"3":25,"4":3,"5":2,"6":24,"7":4,"8":4,"9":4,"10":5,"11":20,"12":20,"13":27,"14":20,"15":2,"16":24,"17":8,"18":7,"19":1,"20":2,"21":969,"22":203,"23":770,"24":766,"25":101,"26":2,"27":23,"28":199,"29":2,"30":23,"31":23,"32":23,"33":2,"34":23,"35":21,"36":1,"37":20,"38":17,"39":3,"40":2,"41":1,"42":1,"43":2,"44":23,"45":23,"46":46,"47":23,"48":4,"49":23,"50":4,"51":23,"52":3,"53":23,"54":0,"55":23,"56":8,"57":8,"58":15,"59":3,"60":3,"61":12,"62":0,"63":0,"64":2,"65":23,"66":23,"67":46,"68":23,"69":4,"70":4,"71":19,"72":3,"73":3,"74":3,"75":16,"76":1,"77":0,"78":2,"79":25,"80":24,"81":11,"82":13,"83":11,"84":2,"85":2,"86":2},"f":{"0":25,"1":24,"2":5,"3":27,"4":24,"5":969,"6":23,"7":23,"8":23,"9":23,"10":46,"11":23,"12":46,"13":25},"b":{"0":[3,22],"1":[25,23],"2":[4,20],"3":[4,0],"4":[8,16],"5":[7,1],"6":[203,766],"7":[969,238],"8":[101,665],"9":[766,713],"10":[21,2],"11":[1,20],"12":[17,3],"13":[2,1],"14":[1,0],"15":[23,0],"16":[46,0],"17":[46,46],"18":[4,19],"19":[4,19],"20":[3,20],"21":[0,23],"22":[8,15],"23":[23,8],"24":[3,12],"25":[15,3],"26":[0,12],"27":[12,0],"28":[23,0],"29":[46,0],"30":[46,46],"31":[4,19],"32":[23,5],"33":[3,16],"34":[19,4],"35":[1,15],"36":[16,1],"37":[24,1],"38":[11,13],"39":[11,2],"40":[2,0]},"_coverageSchema":"1a1c01bbd47fc00a2c39e90264f33305004495a9","hash":"75edec7ef5f2695ab0d33e79db19e8f5d2d323a1"}
,"/Users/jessicawolvington/Desktop/Blackboard/database-mysql/JSONUtilityHelpers/JSONStringCleaners.js": {"path":"/Users/jessicawolvington/Desktop/Blackboard/database-mysql/JSONUtilityHelpers/JSONStringCleaners.js","statementMap":{"0":{"start":{"line":10,"column":4},"end":{"line":27,"column":5}},"1":{"start":{"line":12,"column":20},"end":{"line":12,"column":21}},"2":{"start":{"line":13,"column":8},"end":{"line":26,"column":9}},"3":{"start":{"line":14,"column":32},"end":{"line":14,"column":45}},"4":{"start":{"line":16,"column":12},"end":{"line":25,"column":13}},"5":{"start":{"line":17,"column":16},"end":{"line":17,"column":98}},"6":{"start":{"line":18,"column":16},"end":{"line":18,"column":21}},"7":{"start":{"line":20,"column":19},"end":{"line":25,"column":13}},"8":{"start":{"line":21,"column":16},"end":{"line":21,"column":23}},"9":{"start":{"line":24,"column":16},"end":{"line":24,"column":21}},"10":{"start":{"line":30,"column":0},"end":{"line":30,"column":40}}},"fnMap":{"0":{"name":"fixCorruptingCommas","decl":{"start":{"line":8,"column":9},"end":{"line":8,"column":28}},"loc":{"start":{"line":8,"column":58},"end":{"line":28,"column":1}},"line":8}},"branchMap":{"0":{"loc":{"start":{"line":10,"column":4},"end":{"line":27,"column":5}},"type":"if","locations":[{"start":{"line":10,"column":4},"end":{"line":27,"column":5}},{"start":{"line":10,"column":4},"end":{"line":27,"column":5}}],"line":10},"1":{"loc":{"start":{"line":10,"column":8},"end":{"line":10,"column":62}},"type":"binary-expr","locations":[{"start":{"line":10,"column":8},"end":{"line":10,"column":33}},{"start":{"line":10,"column":37},"end":{"line":10,"column":62}}],"line":10},"2":{"loc":{"start":{"line":16,"column":12},"end":{"line":25,"column":13}},"type":"if","locations":[{"start":{"line":16,"column":12},"end":{"line":25,"column":13}},{"start":{"line":16,"column":12},"end":{"line":25,"column":13}}],"line":16},"3":{"loc":{"start":{"line":20,"column":19},"end":{"line":25,"column":13}},"type":"if","locations":[{"start":{"line":20,"column":19},"end":{"line":25,"column":13}},{"start":{"line":20,"column":19},"end":{"line":25,"column":13}}],"line":20},"4":{"loc":{"start":{"line":20,"column":23},"end":{"line":20,"column":92}},"type":"binary-expr","locations":[{"start":{"line":20,"column":23},"end":{"line":20,"column":55}},{"start":{"line":20,"column":59},"end":{"line":20,"column":92}}],"line":20}},"s":{"0":44630,"1":225,"2":225,"3":2342,"4":2342,"5":6,"6":6,"7":2336,"8":2117,"9":219,"10":2},"f":{"0":44630},"b":{"0":[225,44405],"1":[44630,44474],"2":[6,2336],"3":[2117,219],"4":[2336,440]},"_coverageSchema":"1a1c01bbd47fc00a2c39e90264f33305004495a9","hash":"9f0b2a28db9205752619e3b51b804435023f8e58"}
}
