TN:
SF:database-mysql/JSONUtilityHelpers/JSONCleanerHelpers.js
FN:8,(anonymous_0)
FN:17,(anonymous_1)
FN:26,(anonymous_2)
FN:35,(anonymous_3)
FNF:4
FNH:4
FNDA:8,(anonymous_0)
FNDA:13,(anonymous_1)
FNDA:8,(anonymous_2)
FNDA:9,(anonymous_3)
DA:8,8
DA:17,13
DA:26,8
DA:35,3
DA:36,9
DA:37,9
DA:38,9
DA:39,9
DA:42,3
LF:9
LH:9
BRF:0
BRH:0
end_of_record
TN:
SF:database-mysql/JSONUtilityHelpers/JSONCleanerUtility.js
FN:16,cleanCorruptJSON
FN:19,(anonymous_1)
FN:52,readAndCleanCorruptedJSON
FN:55,(anonymous_3)
FN:56,(anonymous_4)
FNF:5
FNH:5
FNDA:2,cleanCorruptJSON
FNDA:3,(anonymous_1)
FNDA:1,readAndCleanCorruptedJSON
FNDA:1,(anonymous_3)
FNDA:1,(anonymous_4)
DA:3,1
DA:4,1
DA:5,1
DA:6,1
DA:19,2
DA:20,3
DA:25,2
DA:26,44522
DA:31,2
DA:32,2
DA:33,22
DA:34,22
DA:35,22
DA:36,22
DA:37,22
DA:38,22
DA:39,22
DA:43,2
DA:54,1
DA:55,1
DA:56,1
DA:57,1
DA:58,0
DA:60,1
DA:66,1
LF:25
LH:24
BRDA:57,0,0,0
BRDA:57,0,1,1
BRF:2
BRH:1
end_of_record
TN:
SF:database-mysql/JSONUtilityHelpers/JSONObjectCleaners.js
FN:18,cleanId
FN:29,(anonymous_1)
FN:36,(anonymous_2)
FN:42,(anonymous_3)
FN:53,(anonymous_4)
FN:70,(anonymous_5)
FN:82,(anonymous_6)
FN:91,(anonymous_7)
FN:102,(anonymous_8)
FN:121,(anonymous_9)
FN:123,(anonymous_10)
FN:148,(anonymous_11)
FN:150,(anonymous_12)
FN:166,(anonymous_13)
FNF:14
FNH:14
FNDA:25,cleanId
FNDA:24,(anonymous_1)
FNDA:5,(anonymous_2)
FNDA:27,(anonymous_3)
FNDA:24,(anonymous_4)
FNDA:969,(anonymous_5)
FNDA:23,(anonymous_6)
FNDA:23,(anonymous_7)
FNDA:23,(anonymous_8)
FNDA:23,(anonymous_9)
FNDA:46,(anonymous_10)
FNDA:23,(anonymous_11)
FNDA:46,(anonymous_12)
FNDA:25,(anonymous_13)
DA:1,2
DA:6,2
DA:17,2
DA:19,25
DA:20,3
DA:29,2
DA:30,24
DA:31,4
DA:32,4
DA:34,4
DA:36,5
DA:41,20
DA:42,27
DA:43,20
DA:53,2
DA:54,24
DA:55,8
DA:56,7
DA:58,1
DA:70,2
DA:71,969
DA:72,203
DA:73,770
DA:76,766
DA:77,101
DA:82,2
DA:83,23
DA:84,199
DA:91,2
DA:92,23
DA:93,23
DA:94,23
DA:102,2
DA:103,23
DA:104,21
DA:105,1
DA:106,20
DA:107,17
DA:108,3
DA:109,2
DA:110,1
DA:111,1
DA:121,2
DA:122,23
DA:123,46
DA:124,23
DA:125,23
DA:126,23
DA:127,23
DA:129,23
DA:130,8
DA:131,8
DA:132,15
DA:133,3
DA:134,3
DA:135,12
DA:136,0
DA:139,0
DA:148,2
DA:149,23
DA:150,46
DA:151,23
DA:152,4
DA:153,4
DA:154,19
DA:155,3
DA:156,3
DA:157,3
DA:158,16
DA:159,1
DA:162,0
DA:166,2
DA:167,25
DA:168,24
DA:169,11
DA:170,13
DA:171,11
DA:172,2
DA:173,2
DA:178,2
LF:80
LH:77
BRDA:19,0,0,3
BRDA:19,0,1,22
BRDA:19,1,0,25
BRDA:19,1,1,23
BRDA:30,2,0,4
BRDA:30,2,1,20
BRDA:31,3,0,4
BRDA:31,3,1,0
BRDA:54,4,0,8
BRDA:54,4,1,16
BRDA:55,5,0,7
BRDA:55,5,1,1
BRDA:71,6,0,203
BRDA:71,6,1,766
BRDA:71,7,0,969
BRDA:71,7,1,238
BRDA:76,8,0,101
BRDA:76,8,1,665
BRDA:76,9,0,766
BRDA:76,9,1,713
BRDA:103,10,0,21
BRDA:103,10,1,2
BRDA:104,11,0,1
BRDA:104,11,1,20
BRDA:106,12,0,17
BRDA:106,12,1,3
BRDA:108,13,0,2
BRDA:108,13,1,1
BRDA:110,14,0,1
BRDA:110,14,1,0
BRDA:122,15,0,23
BRDA:122,15,1,0
BRDA:123,16,0,46
BRDA:123,16,1,0
BRDA:123,17,0,46
BRDA:123,17,1,46
BRDA:124,18,0,4
BRDA:124,18,1,19
BRDA:125,19,0,4
BRDA:125,19,1,19
BRDA:126,20,0,3
BRDA:126,20,1,20
BRDA:127,21,0,0
BRDA:127,21,1,23
BRDA:129,22,0,8
BRDA:129,22,1,15
BRDA:129,23,0,23
BRDA:129,23,1,8
BRDA:132,24,0,3
BRDA:132,24,1,12
BRDA:132,25,0,15
BRDA:132,25,1,3
BRDA:135,26,0,0
BRDA:135,26,1,12
BRDA:135,27,0,12
BRDA:135,27,1,0
BRDA:149,28,0,23
BRDA:149,28,1,0
BRDA:150,29,0,46
BRDA:150,29,1,0
BRDA:150,30,0,46
BRDA:150,30,1,46
BRDA:151,31,0,4
BRDA:151,31,1,19
BRDA:151,32,0,23
BRDA:151,32,1,5
BRDA:154,33,0,3
BRDA:154,33,1,16
BRDA:154,34,0,19
BRDA:154,34,1,4
BRDA:158,35,0,1
BRDA:158,35,1,15
BRDA:158,36,0,16
BRDA:158,36,1,1
BRDA:167,37,0,24
BRDA:167,37,1,1
BRDA:168,38,0,11
BRDA:168,38,1,13
BRDA:170,39,0,11
BRDA:170,39,1,2
BRDA:172,40,0,2
BRDA:172,40,1,0
BRF:82
BRH:72
end_of_record
TN:
SF:database-mysql/JSONUtilityHelpers/JSONStringCleaners.js
FN:8,fixCorruptingCommas
FNF:1
FNH:1
FNDA:44630,fixCorruptingCommas
DA:10,44630
DA:12,225
DA:13,225
DA:14,2342
DA:16,2342
DA:17,6
DA:18,6
DA:20,2336
DA:21,2117
DA:24,219
DA:30,2
LF:11
LH:11
BRDA:10,0,0,225
BRDA:10,0,1,44405
BRDA:10,1,0,44630
BRDA:10,1,1,44474
BRDA:16,2,0,6
BRDA:16,2,1,2336
BRDA:20,3,0,2117
BRDA:20,3,1,219
BRDA:20,4,0,2336
BRDA:20,4,1,440
BRF:10
BRH:10
end_of_record
